2019-08-28 13:51:07,948 ERROR: Exception on /index [GET] [in d:\myproject\education_proj\education_flask\lib\site-packages\flask\app.py:1891]
Traceback (most recent call last):
  File "d:\myproject\education_proj\education_flask\lib\site-packages\flask\app.py", line 2446, in wsgi_app
    response = self.full_dispatch_request()
  File "d:\myproject\education_proj\education_flask\lib\site-packages\flask\app.py", line 1951, in full_dispatch_request
    rv = self.handle_user_exception(e)
  File "d:\myproject\education_proj\education_flask\lib\site-packages\flask\app.py", line 1820, in handle_user_exception
    reraise(exc_type, exc_value, tb)
  File "d:\myproject\education_proj\education_flask\lib\site-packages\flask\_compat.py", line 39, in reraise
    raise value
  File "d:\myproject\education_proj\education_flask\lib\site-packages\flask\app.py", line 1949, in full_dispatch_request
    rv = self.dispatch_request()
  File "d:\myproject\education_proj\education_flask\lib\site-packages\flask\app.py", line 1935, in dispatch_request
    return self.view_functions[rule.endpoint](**req.view_args)
  File "d:\myproject\education_proj\education_flask\lib\site-packages\flask_login\utils.py", line 261, in decorated_view
    return func(*args, **kwargs)
  File "D:\myProject\education_proj\app\flask\microblog\app\routes.py", line 33, in index
    posts = current_user.followed_posts().paginate(page, app.config['POSTS_PER_PAGE'], False)
KeyError: 'POSTS_PER_PAGE'
2019-08-28 13:51:14,336 ERROR: Exception on /index [GET] [in d:\myproject\education_proj\education_flask\lib\site-packages\flask\app.py:1891]
Traceback (most recent call last):
  File "d:\myproject\education_proj\education_flask\lib\site-packages\flask\app.py", line 2446, in wsgi_app
    response = self.full_dispatch_request()
  File "d:\myproject\education_proj\education_flask\lib\site-packages\flask\app.py", line 1951, in full_dispatch_request
    rv = self.handle_user_exception(e)
  File "d:\myproject\education_proj\education_flask\lib\site-packages\flask\app.py", line 1820, in handle_user_exception
    reraise(exc_type, exc_value, tb)
  File "d:\myproject\education_proj\education_flask\lib\site-packages\flask\_compat.py", line 39, in reraise
    raise value
  File "d:\myproject\education_proj\education_flask\lib\site-packages\flask\app.py", line 1949, in full_dispatch_request
    rv = self.dispatch_request()
  File "d:\myproject\education_proj\education_flask\lib\site-packages\flask\app.py", line 1935, in dispatch_request
    return self.view_functions[rule.endpoint](**req.view_args)
  File "d:\myproject\education_proj\education_flask\lib\site-packages\flask_login\utils.py", line 261, in decorated_view
    return func(*args, **kwargs)
  File "D:\myProject\education_proj\app\flask\microblog\app\routes.py", line 33, in index
    posts = current_user.followed_posts().paginate(page, app.config['POSTS_PER_PAGE'], False)
KeyError: 'POSTS_PER_PAGE'
2019-08-28 13:51:15,664 ERROR: Exception on /explore [GET] [in d:\myproject\education_proj\education_flask\lib\site-packages\flask\app.py:1891]
Traceback (most recent call last):
  File "d:\myproject\education_proj\education_flask\lib\site-packages\flask\app.py", line 2446, in wsgi_app
    response = self.full_dispatch_request()
  File "d:\myproject\education_proj\education_flask\lib\site-packages\flask\app.py", line 1951, in full_dispatch_request
    rv = self.handle_user_exception(e)
  File "d:\myproject\education_proj\education_flask\lib\site-packages\flask\app.py", line 1820, in handle_user_exception
    reraise(exc_type, exc_value, tb)
  File "d:\myproject\education_proj\education_flask\lib\site-packages\flask\_compat.py", line 39, in reraise
    raise value
  File "d:\myproject\education_proj\education_flask\lib\site-packages\flask\app.py", line 1949, in full_dispatch_request
    rv = self.dispatch_request()
  File "d:\myproject\education_proj\education_flask\lib\site-packages\flask\app.py", line 1935, in dispatch_request
    return self.view_functions[rule.endpoint](**req.view_args)
  File "d:\myproject\education_proj\education_flask\lib\site-packages\flask_login\utils.py", line 261, in decorated_view
    return func(*args, **kwargs)
  File "D:\myProject\education_proj\app\flask\microblog\app\routes.py", line 44, in explore
    posts = Post.query.order_by(Post.timestamp.desc()).paginate(page, app.config['POSTS_PER_PAGE'], False)
KeyError: 'POSTS_PER_PAGE'
2019-08-28 13:51:16,858 ERROR: Exception on /index [GET] [in d:\myproject\education_proj\education_flask\lib\site-packages\flask\app.py:1891]
Traceback (most recent call last):
  File "d:\myproject\education_proj\education_flask\lib\site-packages\flask\app.py", line 2446, in wsgi_app
    response = self.full_dispatch_request()
  File "d:\myproject\education_proj\education_flask\lib\site-packages\flask\app.py", line 1951, in full_dispatch_request
    rv = self.handle_user_exception(e)
  File "d:\myproject\education_proj\education_flask\lib\site-packages\flask\app.py", line 1820, in handle_user_exception
    reraise(exc_type, exc_value, tb)
  File "d:\myproject\education_proj\education_flask\lib\site-packages\flask\_compat.py", line 39, in reraise
    raise value
  File "d:\myproject\education_proj\education_flask\lib\site-packages\flask\app.py", line 1949, in full_dispatch_request
    rv = self.dispatch_request()
  File "d:\myproject\education_proj\education_flask\lib\site-packages\flask\app.py", line 1935, in dispatch_request
    return self.view_functions[rule.endpoint](**req.view_args)
  File "d:\myproject\education_proj\education_flask\lib\site-packages\flask_login\utils.py", line 261, in decorated_view
    return func(*args, **kwargs)
  File "D:\myProject\education_proj\app\flask\microblog\app\routes.py", line 33, in index
    posts = current_user.followed_posts().paginate(page, app.config['POSTS_PER_PAGE'], False)
KeyError: 'POSTS_PER_PAGE'
2019-08-28 13:51:17,848 ERROR: Exception on /explore [GET] [in d:\myproject\education_proj\education_flask\lib\site-packages\flask\app.py:1891]
Traceback (most recent call last):
  File "d:\myproject\education_proj\education_flask\lib\site-packages\flask\app.py", line 2446, in wsgi_app
    response = self.full_dispatch_request()
  File "d:\myproject\education_proj\education_flask\lib\site-packages\flask\app.py", line 1951, in full_dispatch_request
    rv = self.handle_user_exception(e)
  File "d:\myproject\education_proj\education_flask\lib\site-packages\flask\app.py", line 1820, in handle_user_exception
    reraise(exc_type, exc_value, tb)
  File "d:\myproject\education_proj\education_flask\lib\site-packages\flask\_compat.py", line 39, in reraise
    raise value
  File "d:\myproject\education_proj\education_flask\lib\site-packages\flask\app.py", line 1949, in full_dispatch_request
    rv = self.dispatch_request()
  File "d:\myproject\education_proj\education_flask\lib\site-packages\flask\app.py", line 1935, in dispatch_request
    return self.view_functions[rule.endpoint](**req.view_args)
  File "d:\myproject\education_proj\education_flask\lib\site-packages\flask_login\utils.py", line 261, in decorated_view
    return func(*args, **kwargs)
  File "D:\myProject\education_proj\app\flask\microblog\app\routes.py", line 44, in explore
    posts = Post.query.order_by(Post.timestamp.desc()).paginate(page, app.config['POSTS_PER_PAGE'], False)
KeyError: 'POSTS_PER_PAGE'
2019-08-28 13:51:18,641 ERROR: Exception on /index [GET] [in d:\myproject\education_proj\education_flask\lib\site-packages\flask\app.py:1891]
Traceback (most recent call last):
  File "d:\myproject\education_proj\education_flask\lib\site-packages\flask\app.py", line 2446, in wsgi_app
    response = self.full_dispatch_request()
  File "d:\myproject\education_proj\education_flask\lib\site-packages\flask\app.py", line 1951, in full_dispatch_request
    rv = self.handle_user_exception(e)
  File "d:\myproject\education_proj\education_flask\lib\site-packages\flask\app.py", line 1820, in handle_user_exception
    reraise(exc_type, exc_value, tb)
  File "d:\myproject\education_proj\education_flask\lib\site-packages\flask\_compat.py", line 39, in reraise
    raise value
  File "d:\myproject\education_proj\education_flask\lib\site-packages\flask\app.py", line 1949, in full_dispatch_request
    rv = self.dispatch_request()
  File "d:\myproject\education_proj\education_flask\lib\site-packages\flask\app.py", line 1935, in dispatch_request
    return self.view_functions[rule.endpoint](**req.view_args)
  File "d:\myproject\education_proj\education_flask\lib\site-packages\flask_login\utils.py", line 261, in decorated_view
    return func(*args, **kwargs)
  File "D:\myProject\education_proj\app\flask\microblog\app\routes.py", line 33, in index
    posts = current_user.followed_posts().paginate(page, app.config['POSTS_PER_PAGE'], False)
KeyError: 'POSTS_PER_PAGE'
2019-08-28 13:52:52,741 INFO: Microblog startup [in D:\myProject\education_proj\app\flask\microblog\app\__init__.py:44]
2019-08-28 14:10:52,368 INFO: Microblog startup [in D:\myProject\education_proj\app\flask\microblog\app\__init__.py:44]
2019-08-28 14:18:59,250 INFO: Microblog startup [in D:\myProject\education_proj\app\flask\microblog\app\__init__.py:44]
